<?xml version="1.0" encoding="UTF-8"?>
<!-- Generated by org.testng.reporters.JUnitReportReporter -->
<testsuite skipped="0" hostname="MS033.local" name="POM_assignment.VerifyLogin" tests="1" failures="0" timestamp="14 Aug 2018 16:50:12 GMT" time="7.036" errors="0">
  <testcase name="verifyValidLogin" time="7.036" classname="POM_assignment.VerifyLogin"/>
</testsuite> <!-- POM_assignment.VerifyLogin -->
