<?xml version="1.0" encoding="UTF-8"?>
<!-- Generated by org.testng.reporters.JUnitReportReporter -->
<testsuite skipped="0" hostname="MS033.local" name="POM_testcase_1.VerifyLogin" tests="1" failures="0" timestamp="14 Aug 2018 16:33:55 GMT" time="5.387" errors="0">
  <testcase name="verifyValidLogin" time="5.387" classname="POM_testcase_1.VerifyLogin"/>
</testsuite> <!-- POM_testcase_1.VerifyLogin -->
